# JRE version: Java(TM) SE Runtime Environment (8.0_65-b17) (build 1.8.0_65-b17)
# Java VM: Java HotSpot(TM) 64-Bit Server VM (25.65-b01 mixed mode windows-amd64 compressed oops)
Heap:
 PSYoungGen      total 176128K, used 75659K [0x00000000d6100000, 0x00000000e1b00000, 0x0000000100000000)
  eden space 164864K, 39% used [0x00000000d6100000,0x00000000da15ab18,0x00000000e0200000)
  from space 11264K, 86% used [0x00000000e0d80000,0x00000000e1708268,0x00000000e1880000)
  to   space 11776K, 0% used [0x00000000e0200000,0x00000000e0200000,0x00000000e0d80000)
 ParOldGen       total 75264K, used 12238K [0x0000000082200000, 0x0000000086b80000, 0x00000000d6100000)
  object space 75264K, 16% used [0x0000000082200000,0x0000000082df3998,0x0000000086b80000)
 Metaspace       used 41560K, capacity 44135K, committed 44456K, reserved 1087488K
  class space    used 5585K, capacity 6249K, committed 6320K, reserved 1048576K
GC Heap History (10 events):
Event: 3.093 GC heap before
{Heap before GC invocations=6 (full 1):
 PSYoungGen      total 70656K, used 65536K [0x00000000d6100000, 0x00000000dab00000, 0x0000000100000000)
  eden space 65536K, 100% used [0x00000000d6100000,0x00000000da100000,0x00000000da100000)
  from space 5120K, 0% used [0x00000000da600000,0x00000000da600000,0x00000000dab00000)
  to   space 5120K, 0% used [0x00000000da100000,0x00000000da100000,0x00000000da600000)
 ParOldGen       total 53248K, used 6350K [0x0000000082200000, 0x0000000085600000, 0x00000000d6100000)
  object space 53248K, 11% used [0x0000000082200000,0x00000000828339e0,0x0000000085600000)
 Metaspace       used 26263K, capacity 27148K, committed 27312K, reserved 1073152K
  class space    used 3442K, capacity 3647K, committed 3760K, reserved 1048576K
Event: 3.105 GC heap after
Heap after GC invocations=6 (full 1):
 PSYoungGen      total 70656K, used 5109K [0x00000000d6100000, 0x00000000dde80000, 0x0000000100000000)
  eden space 65536K, 0% used [0x00000000d6100000,0x00000000d6100000,0x00000000da100000)
  from space 5120K, 99% used [0x00000000da100000,0x00000000da5fd6d8,0x00000000da600000)
  to   space 9728K, 0% used [0x00000000dd500000,0x00000000dd500000,0x00000000dde80000)
 ParOldGen       total 53248K, used 8848K [0x0000000082200000, 0x0000000085600000, 0x00000000d6100000)
  object space 53248K, 16% used [0x0000000082200000,0x0000000082aa4228,0x0000000085600000)
 Metaspace       used 26263K, capacity 27148K, committed 27312K, reserved 1073152K
  class space    used 3442K, capacity 3647K, committed 3760K, reserved 1048576K
}
Event: 4.234 GC heap before
{Heap before GC invocations=7 (full 1):
 PSYoungGen      total 70656K, used 70645K [0x00000000d6100000, 0x00000000dde80000, 0x0000000100000000)
  eden space 65536K, 100% used [0x00000000d6100000,0x00000000da100000,0x00000000da100000)
  from space 5120K, 99% used [0x00000000da100000,0x00000000da5fd6d8,0x00000000da600000)
  to   space 9728K, 0% used [0x00000000dd500000,0x00000000dd500000,0x00000000dde80000)
 ParOldGen       total 53248K, used 8848K [0x0000000082200000, 0x0000000085600000, 0x00000000d6100000)
  object space 53248K, 16% used [0x0000000082200000,0x0000000082aa4228,0x0000000085600000)
 Metaspace       used 32428K, capacity 34208K, committed 34352K, reserved 1079296K
  class space    used 4323K, capacity 4646K, committed 4656K, reserved 1048576K
Event: 4.247 GC heap after
Heap after GC invocations=7 (full 1):
 PSYoungGen      total 116224K, used 9703K [0x00000000d6100000, 0x00000000de000000, 0x0000000100000000)
  eden space 106496K, 0% used [0x00000000d6100000,0x00000000d6100000,0x00000000dc900000)
  from space 9728K, 99% used [0x00000000dd500000,0x00000000dde79d80,0x00000000dde80000)
  to   space 11776K, 0% used [0x00000000dc900000,0x00000000dc900000,0x00000000dd480000)
 ParOldGen       total 53248K, used 9886K [0x0000000082200000, 0x0000000085600000, 0x00000000d6100000)
  object space 53248K, 18% used [0x0000000082200000,0x0000000082ba7ac0,0x0000000085600000)
 Metaspace       used 32428K, capacity 34208K, committed 34352K, reserved 1079296K
  class space    used 4323K, capacity 4646K, committed 4656K, reserved 1048576K
}
Event: 13.977 GC heap before
{Heap before GC invocations=8 (full 1):
 PSYoungGen      total 116224K, used 20471K [0x00000000d6100000, 0x00000000de000000, 0x0000000100000000)
  eden space 106496K, 10% used [0x00000000d6100000,0x00000000d6b83ea0,0x00000000dc900000)
  from space 9728K, 99% used [0x00000000dd500000,0x00000000dde79d80,0x00000000dde80000)
  to   space 11776K, 0% used [0x00000000dc900000,0x00000000dc900000,0x00000000dd480000)
 ParOldGen       total 53248K, used 9886K [0x0000000082200000, 0x0000000085600000, 0x00000000d6100000)
  object space 53248K, 18% used [0x0000000082200000,0x0000000082ba7ac0,0x0000000085600000)
 Metaspace       used 33451K, capacity 35293K, committed 35496K, reserved 1079296K
  class space    used 4437K, capacity 4784K, committed 4784K, reserved 1048576K
Event: 13.987 GC heap after
Heap after GC invocations=8 (full 1):
 PSYoungGen      total 118272K, used 7322K [0x00000000d6100000, 0x00000000e1880000, 0x0000000100000000)
  eden space 106496K, 0% used [0x00000000d6100000,0x00000000d6100000,0x00000000dc900000)
  from space 11776K, 62% used [0x00000000dc900000,0x00000000dd026b40,0x00000000dd480000)
  to   space 11264K, 0% used [0x00000000e0d80000,0x00000000e0d80000,0x00000000e1880000)
 ParOldGen       total 53248K, used 9894K [0x0000000082200000, 0x0000000085600000, 0x00000000d6100000)
  object space 53248K, 18% used [0x0000000082200000,0x0000000082ba9ac0,0x0000000085600000)
 Metaspace       used 33451K, capacity 35293K, committed 35496K, reserved 1079296K
  class space    used 4437K, capacity 4784K, committed 4784K, reserved 1048576K
}
Event: 13.987 GC heap before
{Heap before GC invocations=9 (full 2):
 PSYoungGen      total 118272K, used 7322K [0x00000000d6100000, 0x00000000e1880000, 0x0000000100000000)
  eden space 106496K, 0% used [0x00000000d6100000,0x00000000d6100000,0x00000000dc900000)
  from space 11776K, 62% used [0x00000000dc900000,0x00000000dd026b40,0x00000000dd480000)
  to   space 11264K, 0% used [0x00000000e0d80000,0x00000000e0d80000,0x00000000e1880000)
 ParOldGen       total 53248K, used 9894K [0x0000000082200000, 0x0000000085600000, 0x00000000d6100000)
  object space 53248K, 18% used [0x0000000082200000,0x0000000082ba9ac0,0x0000000085600000)
 Metaspace       used 33451K, capacity 35293K, committed 35496K, reserved 1079296K
  class space    used 4437K, capacity 4784K, committed 4784K, reserved 1048576K
Event: 14.084 GC heap after
Heap after GC invocations=9 (full 2):
 PSYoungGen      total 118272K, used 0K [0x00000000d6100000, 0x00000000e1880000, 0x0000000100000000)
  eden space 106496K, 0% used [0x00000000d6100000,0x00000000d6100000,0x00000000dc900000)
  from space 11776K, 0% used [0x00000000dc900000,0x00000000dc900000,0x00000000dd480000)
  to   space 11264K, 0% used [0x00000000e0d80000,0x00000000e0d80000,0x00000000e1880000)
 ParOldGen       total 75264K, used 12238K [0x0000000082200000, 0x0000000086b80000, 0x00000000d6100000)
  object space 75264K, 16% used [0x0000000082200000,0x0000000082df3998,0x0000000086b80000)
 Metaspace       used 33443K, capacity 35275K, committed 35496K, reserved 1079296K
  class space    used 4435K, capacity 4781K, committed 4784K, reserved 1048576K
}
Event: 80.654 GC heap before
{Heap before GC invocations=10 (full 2):
 PSYoungGen      total 118272K, used 106496K [0x00000000d6100000, 0x00000000e1880000, 0x0000000100000000)
  eden space 106496K, 100% used [0x00000000d6100000,0x00000000dc900000,0x00000000dc900000)
  from space 11776K, 0% used [0x00000000dc900000,0x00000000dc900000,0x00000000dd480000)
  to   space 11264K, 0% used [0x00000000e0d80000,0x00000000e0d80000,0x00000000e1880000)
 ParOldGen       total 75264K, used 12238K [0x0000000082200000, 0x0000000086b80000, 0x00000000d6100000)
  object space 75264K, 16% used [0x0000000082200000,0x0000000082df3998,0x0000000086b80000)
 Metaspace       used 38922K, capacity 41261K, committed 41384K, reserved 1085440K
  class space    used 5152K, capacity 5715K, committed 5808K, reserved 1048576K
Event: 80.667 GC heap after
Heap after GC invocations=10 (full 2):
 PSYoungGen      total 176128K, used 9760K [0x00000000d6100000, 0x00000000e1b00000, 0x0000000100000000)
  eden space 164864K, 0% used [0x00000000d6100000,0x00000000d6100000,0x00000000e0200000)
  from space 11264K, 86% used [0x00000000e0d80000,0x00000000e1708268,0x00000000e1880000)
  to   space 11776K, 0% used [0x00000000e0200000,0x00000000e0200000,0x00000000e0d80000)
 ParOldGen       total 75264K, used 12238K [0x0000000082200000, 0x0000000086b80000, 0x00000000d6100000)
  object space 75264K, 16% used [0x0000000082200000,0x0000000082df3998,0x0000000086b80000)
 Metaspace       used 38922K, capacity 41261K, committed 41384K, reserved 1085440K
  class space    used 5152K, capacity 5715K, committed 5808K, reserved 1048576K
}

